
5월 08, 2022 21:14:08.874 NEW SESSION
5월 08, 2022 21:14:08.874 [14584:3740:0508/211408.872:ERROR:pref_model_associator.cc(121)] Failed to deserialize value of preference 'sync.demographics': Line: 1, column: 1, Unexpected token.
5월 08, 2022 21:14:10.852 [14584:3740:0508/211410.851:ERROR:device_event_log_impl.cc(214)] [21:14:10.851] USB: usb_device_handle_win.cc:1049 Failed to read descriptor from node connection: 시스템에 부착된 장치가 작동하지 않습니다. (0x1F)
5월 08, 2022 21:14:10.853 [14584:3740:0508/211410.853:ERROR:device_event_log_impl.cc(214)] [21:14:10.853] USB: usb_device_handle_win.cc:1049 Failed to read descriptor from node connection: 시스템에 부착된 장치가 작동하지 않습니다. (0x1F)
5월 08, 2022 21:15:08.841 [14584:11068:0508/211508.841:ERROR:util.cc(126)] Can't create base directory: C:\Program Files\Google\GoogleUpdater
5월 08, 2022 21:56:11.26 [14584:3740:0508/215611.026:ERROR:CONSOLE(1)] "Extension server error: Operation failed: http://localhost:8088/baksin/insert.jsp has no execution context", source: devtools://devtools/bundled/devtools-frontend/front_end/models/extensions/extensions.js (1)
5월 08, 2022 21:56:11.31 [14584:3740:0508/215611.030:ERROR:CONSOLE(1)] "Extension server error: Operation failed: http://localhost:8088/baksin/insert.jsp has no execution context", source: devtools://devtools/bundled/devtools-frontend/front_end/models/extensions/extensions.js (1)
5월 08, 2022 21:56:11.48 [14584:3740:0508/215611.047:ERROR:CONSOLE(1)] "Request Runtime.evaluate failed. {"code":-32602,"message":"uniqueContextId not found"}", source: devtools://devtools/bundled/devtools-frontend/front_end/core/protocol_client/protocol_client.js (1)
5월 08, 2022 21:56:11.49 [14584:3740:0508/215611.048:ERROR:CONSOLE(1)] "uniqueContextId not found", source: devtools://devtools/bundled/devtools-frontend/front_end/core/sdk/sdk.js (1)
5월 08, 2022 21:56:11.49 [14584:3740:0508/215611.048:ERROR:CONSOLE(1)] "Extension server error: Inspector protocol error: uniqueContextId not found", source: devtools://devtools/bundled/devtools-frontend/front_end/models/extensions/extensions.js (1)
5월 08, 2022 21:56:11.392 [14584:3740:0508/215611.392:ERROR:CONSOLE(1)] "Extension server error: Operation failed: http://localhost:8088/baksin/insert.jsp has no execution context", source: devtools://devtools/bundled/devtools-frontend/front_end/models/extensions/extensions.js (1)
5월 08, 2022 21:56:11.411 [14584:3740:0508/215611.410:ERROR:CONSOLE(1)] "Extension server error: Operation failed: http://localhost:8088/baksin/insert.jsp has no execution context", source: devtools://devtools/bundled/devtools-frontend/front_end/models/extensions/extensions.js (1)
5월 08, 2022 21:56:11.556 [14584:3740:0508/215611.555:ERROR:CONSOLE(1)] "Extension server error: Operation failed: http://localhost:8088/baksin/insert.jsp has no execution context", source: devtools://devtools/bundled/devtools-frontend/front_end/models/extensions/extensions.js (1)
5월 08, 2022 21:56:15.00 [14584:3740:0508/215615.000:ERROR:CONSOLE(1)] "Extension server error: Operation failed: http://localhost:8088/baksin/insert.jsp has no execution context", source: devtools://devtools/bundled/devtools-frontend/front_end/models/extensions/extensions.js (1)
5월 08, 2022 21:56:15.518 [14584:3740:0508/215615.518:ERROR:CONSOLE(1)] "Extension server error: Operation failed: http://localhost:8088/baksin/insert.jsp has no execution context", source: devtools://devtools/bundled/devtools-frontend/front_end/models/extensions/extensions.js (1)
5월 08, 2022 21:56:15.528 [14584:3740:0508/215615.527:ERROR:CONSOLE(1)] "Extension server error: Operation failed: http://localhost:8088/baksin/insert.jsp has no execution context", source: devtools://devtools/bundled/devtools-frontend/front_end/models/extensions/extensions.js (1)
5월 08, 2022 21:56:15.792 [14584:3740:0508/215615.791:ERROR:CONSOLE(1)] "Extension server error: Operation failed: http://localhost:8088/baksin/insert.jsp has no execution context", source: devtools://devtools/bundled/devtools-frontend/front_end/models/extensions/extensions.js (1)
5월 08, 2022 21:56:15.807 [14584:3740:0508/215615.806:ERROR:CONSOLE(1)] "Extension server error: Operation failed: http://localhost:8088/baksin/insert.jsp has no execution context", source: devtools://devtools/bundled/devtools-frontend/front_end/models/extensions/extensions.js (1)
5월 08, 2022 22:19:15.841 [14584:3740:0508/221915.840:ERROR:CONSOLE(43)] "Unchecked runtime.lastError: The message port closed before a response was received.", source: https://ogs.google.com/u/0/widget/app?origin=chrome-untrusted%3A%2F%2Fnew-tab-page&origin=chrome%3A%2F%2Fnew-tab-page&cn=app&pid=1&spid=243&hl=ko&dm= (43)
5월 08, 2022 22:19:15.841 [14584:3740:0508/221915.840:ERROR:CONSOLE(43)] "Unchecked runtime.lastError: The message port closed before a response was received.", source: https://ogs.google.com/u/0/widget/app?origin=chrome-untrusted%3A%2F%2Fnew-tab-page&origin=chrome%3A%2F%2Fnew-tab-page&cn=app&pid=1&spid=243&hl=ko&dm= (43)
5월 08, 2022 22:19:15.841 [14584:3740:0508/221915.840:ERROR:CONSOLE(43)] "Unchecked runtime.lastError: The message port closed before a response was received.", source: https://ogs.google.com/u/0/widget/app?origin=chrome-untrusted%3A%2F%2Fnew-tab-page&origin=chrome%3A%2F%2Fnew-tab-page&cn=app&pid=1&spid=243&hl=ko&dm= (43)
5월 08, 2022 22:35:02.848 [14584:3740:0508/223502.847:ERROR:CONSOLE(1)] "Cannot find context with specified id", source: devtools://devtools/bundled/devtools-frontend/front_end/core/sdk/sdk.js (1)
5월 08, 2022 22:35:02.848 [14584:3740:0508/223502.847:ERROR:CONSOLE(1)] "Extension server error: Inspector protocol error: Cannot find context with specified id", source: devtools://devtools/bundled/devtools-frontend/front_end/models/extensions/extensions.js (1)
5월 08, 2022 22:58:24.281 [14584:3740:0508/225824.281:ERROR:CONSOLE(63)] "Unchecked runtime.lastError: The message port closed before a response was received.", source: https://ogs.google.com/u/0/widget/app?origin=chrome-untrusted%3A%2F%2Fnew-tab-page&origin=chrome%3A%2F%2Fnew-tab-page&cn=app&pid=1&spid=243&hl=ko&dm= (63)
5월 08, 2022 22:58:24.281 [14584:3740:0508/225824.281:ERROR:CONSOLE(63)] "Unchecked runtime.lastError: The message port closed before a response was received.", source: https://ogs.google.com/u/0/widget/app?origin=chrome-untrusted%3A%2F%2Fnew-tab-page&origin=chrome%3A%2F%2Fnew-tab-page&cn=app&pid=1&spid=243&hl=ko&dm= (63)
5월 08, 2022 22:58:24.282 [14584:3740:0508/225824.281:ERROR:CONSOLE(63)] "Unchecked runtime.lastError: The message port closed before a response was received.", source: https://ogs.google.com/u/0/widget/app?origin=chrome-untrusted%3A%2F%2Fnew-tab-page&origin=chrome%3A%2F%2Fnew-tab-page&cn=app&pid=1&spid=243&hl=ko&dm= (63)
5월 08, 2022 23:06:07.340 [14584:3740:0508/230607.340:ERROR:CONSOLE(1)] "Request Runtime.evaluate failed. {"code":-32602,"message":"uniqueContextId not found"}", source: devtools://devtools/bundled/devtools-frontend/front_end/core/protocol_client/protocol_client.js (1)
5월 08, 2022 23:06:07.341 [14584:3740:0508/230607.341:ERROR:CONSOLE(1)] "uniqueContextId not found", source: devtools://devtools/bundled/devtools-frontend/front_end/core/sdk/sdk.js (1)
5월 08, 2022 23:06:07.342 [14584:3740:0508/230607.341:ERROR:CONSOLE(1)] "Extension server error: Inspector protocol error: uniqueContextId not found", source: devtools://devtools/bundled/devtools-frontend/front_end/models/extensions/extensions.js (1)
5월 08, 2022 23:06:07.342 [14584:3740:0508/230607.341:ERROR:CONSOLE(1)] "Request Runtime.evaluate failed. {"code":-32602,"message":"uniqueContextId not found"}", source: devtools://devtools/bundled/devtools-frontend/front_end/core/protocol_client/protocol_client.js (1)
5월 08, 2022 23:06:07.342 [14584:3740:0508/230607.342:ERROR:CONSOLE(1)] "uniqueContextId not found", source: devtools://devtools/bundled/devtools-frontend/front_end/core/sdk/sdk.js (1)
5월 08, 2022 23:06:07.342 [14584:3740:0508/230607.342:ERROR:CONSOLE(1)] "Extension server error: Inspector protocol error: uniqueContextId not found", source: devtools://devtools/bundled/devtools-frontend/front_end/models/extensions/extensions.js (1)
5월 08, 2022 23:06:07.523 [14584:3740:0508/230607.523:ERROR:CONSOLE(1)] "Request Runtime.evaluate failed. {"code":-32602,"message":"uniqueContextId not found"}", source: devtools://devtools/bundled/devtools-frontend/front_end/core/protocol_client/protocol_client.js (1)
5월 08, 2022 23:06:07.523 [14584:3740:0508/230607.523:ERROR:CONSOLE(1)] "uniqueContextId not found", source: devtools://devtools/bundled/devtools-frontend/front_end/core/sdk/sdk.js (1)
5월 08, 2022 23:06:07.524 [14584:3740:0508/230607.523:ERROR:CONSOLE(1)] "Extension server error: Inspector protocol error: uniqueContextId not found", source: devtools://devtools/bundled/devtools-frontend/front_end/models/extensions/extensions.js (1)
5월 08, 2022 23:06:42.442 [14584:3740:0508/230642.442:ERROR:CONSOLE(1)] "Request Runtime.evaluate failed. {"code":-32602,"message":"uniqueContextId not found"}", source: devtools://devtools/bundled/devtools-frontend/front_end/core/protocol_client/protocol_client.js (1)
5월 08, 2022 23:06:42.443 [14584:3740:0508/230642.442:ERROR:CONSOLE(1)] "uniqueContextId not found", source: devtools://devtools/bundled/devtools-frontend/front_end/core/sdk/sdk.js (1)
5월 08, 2022 23:06:42.443 [14584:3740:0508/230642.442:ERROR:CONSOLE(1)] "Extension server error: Inspector protocol error: uniqueContextId not found", source: devtools://devtools/bundled/devtools-frontend/front_end/models/extensions/extensions.js (1)
5월 08, 2022 23:08:40.104 [14584:3740:0508/230840.104:ERROR:CONSOLE(1)] "Request Runtime.evaluate failed. {"code":-32602,"message":"uniqueContextId not found"}", source: devtools://devtools/bundled/devtools-frontend/front_end/core/protocol_client/protocol_client.js (1)
5월 08, 2022 23:08:40.105 [14584:3740:0508/230840.105:ERROR:CONSOLE(1)] "uniqueContextId not found", source: devtools://devtools/bundled/devtools-frontend/front_end/core/sdk/sdk.js (1)
5월 08, 2022 23:08:40.106 [14584:3740:0508/230840.105:ERROR:CONSOLE(1)] "Extension server error: Inspector protocol error: uniqueContextId not found", source: devtools://devtools/bundled/devtools-frontend/front_end/models/extensions/extensions.js (1)
5월 08, 2022 23:08:40.106 [14584:3740:0508/230840.105:ERROR:CONSOLE(1)] "Request Runtime.evaluate failed. {"code":-32602,"message":"uniqueContextId not found"}", source: devtools://devtools/bundled/devtools-frontend/front_end/core/protocol_client/protocol_client.js (1)
5월 08, 2022 23:08:40.106 [14584:3740:0508/230840.105:ERROR:CONSOLE(1)] "uniqueContextId not found", source: devtools://devtools/bundled/devtools-frontend/front_end/core/sdk/sdk.js (1)
5월 08, 2022 23:08:40.106 [14584:3740:0508/230840.105:ERROR:CONSOLE(1)] "Extension server error: Inspector protocol error: uniqueContextId not found", source: devtools://devtools/bundled/devtools-frontend/front_end/models/extensions/extensions.js (1)
5월 08, 2022 23:11:13.200 [14584:3740:0508/231113.199:ERROR:CONSOLE(1)] "Request Runtime.evaluate failed. {"code":-32602,"message":"uniqueContextId not found"}", source: devtools://devtools/bundled/devtools-frontend/front_end/core/protocol_client/protocol_client.js (1)
5월 08, 2022 23:11:13.202 [14584:3740:0508/231113.202:ERROR:CONSOLE(1)] "uniqueContextId not found", source: devtools://devtools/bundled/devtools-frontend/front_end/core/sdk/sdk.js (1)
5월 08, 2022 23:11:13.203 [14584:3740:0508/231113.202:ERROR:CONSOLE(1)] "Extension server error: Inspector protocol error: uniqueContextId not found", source: devtools://devtools/bundled/devtools-frontend/front_end/models/extensions/extensions.js (1)
5월 08, 2022 23:12:00.308 [14584:3740:0508/231200.307:ERROR:CONSOLE(1)] "Request Runtime.evaluate failed. {"code":-32602,"message":"uniqueContextId not found"}", source: devtools://devtools/bundled/devtools-frontend/front_end/core/protocol_client/protocol_client.js (1)
5월 08, 2022 23:12:00.311 [14584:3740:0508/231200.311:ERROR:CONSOLE(1)] "uniqueContextId not found", source: devtools://devtools/bundled/devtools-frontend/front_end/core/sdk/sdk.js (1)
5월 08, 2022 23:12:00.312 [14584:3740:0508/231200.311:ERROR:CONSOLE(1)] "Extension server error: Inspector protocol error: uniqueContextId not found", source: devtools://devtools/bundled/devtools-frontend/front_end/models/extensions/extensions.js (1)
5월 08, 2022 23:12:15.160 [14584:3740:0508/231215.160:ERROR:CONSOLE(1)] "Request Runtime.evaluate failed. {"code":-32602,"message":"uniqueContextId not found"}", source: devtools://devtools/bundled/devtools-frontend/front_end/core/protocol_client/protocol_client.js (1)
5월 08, 2022 23:12:15.163 [14584:3740:0508/231215.162:ERROR:CONSOLE(1)] "uniqueContextId not found", source: devtools://devtools/bundled/devtools-frontend/front_end/core/sdk/sdk.js (1)
5월 08, 2022 23:12:15.163 [14584:3740:0508/231215.163:ERROR:CONSOLE(1)] "Extension server error: Inspector protocol error: uniqueContextId not found", source: devtools://devtools/bundled/devtools-frontend/front_end/models/extensions/extensions.js (1)
5월 08, 2022 23:12:18.168 [14584:3740:0508/231218.168:ERROR:CONSOLE(1)] "Extension server error: Operation failed: http://localhost:8088/baksin/baksin.jsp has no execution context", source: devtools://devtools/bundled/devtools-frontend/front_end/models/extensions/extensions.js (1)
5월 08, 2022 23:12:18.169 [14584:3740:0508/231218.168:ERROR:CONSOLE(1)] "Extension server error: Operation failed: http://localhost:8088/baksin/baksin.jsp has no execution context", source: devtools://devtools/bundled/devtools-frontend/front_end/models/extensions/extensions.js (1)
5월 08, 2022 23:12:18.181 [14584:3740:0508/231218.181:ERROR:CONSOLE(1)] "Request Runtime.evaluate failed. {"code":-32602,"message":"uniqueContextId not found"}", source: devtools://devtools/bundled/devtools-frontend/front_end/core/protocol_client/protocol_client.js (1)
5월 08, 2022 23:12:18.182 [14584:3740:0508/231218.181:ERROR:CONSOLE(1)] "uniqueContextId not found", source: devtools://devtools/bundled/devtools-frontend/front_end/core/sdk/sdk.js (1)
5월 08, 2022 23:12:18.182 [14584:3740:0508/231218.181:ERROR:CONSOLE(1)] "Extension server error: Inspector protocol error: uniqueContextId not found", source: devtools://devtools/bundled/devtools-frontend/front_end/models/extensions/extensions.js (1)
5월 08, 2022 23:12:18.427 [14584:3740:0508/231218.427:ERROR:CONSOLE(1)] "Extension server error: Operation failed: http://localhost:8088/baksin/baksin.jsp has no execution context", source: devtools://devtools/bundled/devtools-frontend/front_end/models/extensions/extensions.js (1)
5월 08, 2022 23:12:18.428 [14584:3740:0508/231218.427:ERROR:CONSOLE(1)] "Extension server error: Operation failed: http://localhost:8088/baksin/baksin.jsp has no execution context", source: devtools://devtools/bundled/devtools-frontend/front_end/models/extensions/extensions.js (1)
5월 08, 2022 23:12:19.58 [14584:3740:0508/231219.057:ERROR:CONSOLE(1)] "Extension server error: Operation failed: http://localhost:8088/baksin/baksin.jsp has no execution context", source: devtools://devtools/bundled/devtools-frontend/front_end/models/extensions/extensions.js (1)
5월 08, 2022 23:12:19.58 [14584:3740:0508/231219.057:ERROR:CONSOLE(1)] "Extension server error: Operation failed: http://localhost:8088/baksin/baksin.jsp has no execution context", source: devtools://devtools/bundled/devtools-frontend/front_end/models/extensions/extensions.js (1)
5월 08, 2022 23:12:19.344 [14584:3740:0508/231219.344:ERROR:CONSOLE(1)] "Extension server error: Operation failed: http://localhost:8088/baksin/baksin.jsp has no execution context", source: devtools://devtools/bundled/devtools-frontend/front_end/models/extensions/extensions.js (1)
5월 08, 2022 23:12:19.345 [14584:3740:0508/231219.344:ERROR:CONSOLE(1)] "Extension server error: Operation failed: http://localhost:8088/baksin/baksin.jsp has no execution context", source: devtools://devtools/bundled/devtools-frontend/front_end/models/extensions/extensions.js (1)
5월 08, 2022 23:12:19.670 [14584:3740:0508/231219.670:ERROR:CONSOLE(1)] "Extension server error: Operation failed: http://localhost:8088/baksin/baksin.jsp has no execution context", source: devtools://devtools/bundled/devtools-frontend/front_end/models/extensions/extensions.js (1)
5월 08, 2022 23:12:19.671 [14584:3740:0508/231219.670:ERROR:CONSOLE(1)] "Extension server error: Operation failed: http://localhost:8088/baksin/baksin.jsp has no execution context", source: devtools://devtools/bundled/devtools-frontend/front_end/models/extensions/extensions.js (1)
5월 08, 2022 23:12:21.211 [14584:3740:0508/231221.210:ERROR:CONSOLE(1)] "Extension server error: Operation failed: http://localhost:8088/baksin/baksin.jsp has no execution context", source: devtools://devtools/bundled/devtools-frontend/front_end/models/extensions/extensions.js (1)
5월 08, 2022 23:12:21.211 [14584:3740:0508/231221.210:ERROR:CONSOLE(1)] "Extension server error: Operation failed: http://localhost:8088/baksin/baksin.jsp has no execution context", source: devtools://devtools/bundled/devtools-frontend/front_end/models/extensions/extensions.js (1)
5월 08, 2022 23:12:21.637 [14584:3740:0508/231221.637:ERROR:CONSOLE(1)] "Extension server error: Operation failed: http://localhost:8088/baksin/baksin.jsp has no execution context", source: devtools://devtools/bundled/devtools-frontend/front_end/models/extensions/extensions.js (1)
5월 08, 2022 23:12:21.638 [14584:3740:0508/231221.637:ERROR:CONSOLE(1)] "Extension server error: Operation failed: http://localhost:8088/baksin/baksin.jsp has no execution context", source: devtools://devtools/bundled/devtools-frontend/front_end/models/extensions/extensions.js (1)
5월 08, 2022 23:12:21.969 [14584:3740:0508/231221.968:ERROR:CONSOLE(1)] "Extension server error: Operation failed: http://localhost:8088/baksin/baksin.jsp has no execution context", source: devtools://devtools/bundled/devtools-frontend/front_end/models/extensions/extensions.js (1)
5월 08, 2022 23:12:21.969 [14584:3740:0508/231221.969:ERROR:CONSOLE(1)] "Extension server error: Operation failed: http://localhost:8088/baksin/baksin.jsp has no execution context", source: devtools://devtools/bundled/devtools-frontend/front_end/models/extensions/extensions.js (1)
5월 08, 2022 23:12:22.161 [14584:3740:0508/231222.161:ERROR:CONSOLE(1)] "Extension server error: Operation failed: http://localhost:8088/baksin/baksin.jsp has no execution context", source: devtools://devtools/bundled/devtools-frontend/front_end/models/extensions/extensions.js (1)
5월 08, 2022 23:12:22.163 [14584:3740:0508/231222.162:ERROR:CONSOLE(1)] "Extension server error: Operation failed: http://localhost:8088/baksin/baksin.jsp has no execution context", source: devtools://devtools/bundled/devtools-frontend/front_end/models/extensions/extensions.js (1)
5월 08, 2022 23:12:22.176 [14584:3740:0508/231222.176:ERROR:CONSOLE(1)] "Request Runtime.evaluate failed. {"code":-32602,"message":"uniqueContextId not found"}", source: devtools://devtools/bundled/devtools-frontend/front_end/core/protocol_client/protocol_client.js (1)
5월 08, 2022 23:12:22.178 [14584:3740:0508/231222.178:ERROR:CONSOLE(1)] "uniqueContextId not found", source: devtools://devtools/bundled/devtools-frontend/front_end/core/sdk/sdk.js (1)
5월 08, 2022 23:12:22.179 [14584:3740:0508/231222.178:ERROR:CONSOLE(1)] "Extension server error: Inspector protocol error: uniqueContextId not found", source: devtools://devtools/bundled/devtools-frontend/front_end/models/extensions/extensions.js (1)
5월 08, 2022 23:12:22.575 [14584:3740:0508/231222.575:ERROR:CONSOLE(1)] "Extension server error: Operation failed: http://localhost:8088/baksin/baksin.jsp has no execution context", source: devtools://devtools/bundled/devtools-frontend/front_end/models/extensions/extensions.js (1)
5월 08, 2022 23:12:22.576 [14584:3740:0508/231222.575:ERROR:CONSOLE(1)] "Extension server error: Operation failed: http://localhost:8088/baksin/baksin.jsp has no execution context", source: devtools://devtools/bundled/devtools-frontend/front_end/models/extensions/extensions.js (1)
5월 08, 2022 23:12:22.745 [14584:3740:0508/231222.745:ERROR:CONSOLE(1)] "Extension server error: Operation failed: http://localhost:8088/baksin/baksin.jsp has no execution context", source: devtools://devtools/bundled/devtools-frontend/front_end/models/extensions/extensions.js (1)
5월 08, 2022 23:12:22.746 [14584:3740:0508/231222.745:ERROR:CONSOLE(1)] "Extension server error: Operation failed: http://localhost:8088/baksin/baksin.jsp has no execution context", source: devtools://devtools/bundled/devtools-frontend/front_end/models/extensions/extensions.js (1)
5월 08, 2022 23:12:22.925 [14584:3740:0508/231222.925:ERROR:CONSOLE(1)] "Extension server error: Operation failed: http://localhost:8088/baksin/baksin.jsp has no execution context", source: devtools://devtools/bundled/devtools-frontend/front_end/models/extensions/extensions.js (1)
5월 08, 2022 23:12:22.926 [14584:3740:0508/231222.925:ERROR:CONSOLE(1)] "Extension server error: Operation failed: http://localhost:8088/baksin/baksin.jsp has no execution context", source: devtools://devtools/bundled/devtools-frontend/front_end/models/extensions/extensions.js (1)
5월 08, 2022 23:12:25.377 [14584:3740:0508/231225.376:ERROR:CONSOLE(1)] "Extension server error: Operation failed: http://localhost:8088/baksin/baksin.jsp has no execution context", source: devtools://devtools/bundled/devtools-frontend/front_end/models/extensions/extensions.js (1)
5월 08, 2022 23:12:25.377 [14584:3740:0508/231225.376:ERROR:CONSOLE(1)] "Extension server error: Operation failed: http://localhost:8088/baksin/baksin.jsp has no execution context", source: devtools://devtools/bundled/devtools-frontend/front_end/models/extensions/extensions.js (1)
5월 08, 2022 23:14:11.526 [14584:3740:0508/231411.526:ERROR:CONSOLE(45)] "Unchecked runtime.lastError: The message port closed before a response was received.", source: https://ogs.google.com/u/0/widget/app?origin=chrome-untrusted%3A%2F%2Fnew-tab-page&origin=chrome%3A%2F%2Fnew-tab-page&cn=app&pid=1&spid=243&hl=ko&dm= (45)
5월 08, 2022 23:14:11.526 [14584:3740:0508/231411.526:ERROR:CONSOLE(45)] "Unchecked runtime.lastError: The message port closed before a response was received.", source: https://ogs.google.com/u/0/widget/app?origin=chrome-untrusted%3A%2F%2Fnew-tab-page&origin=chrome%3A%2F%2Fnew-tab-page&cn=app&pid=1&spid=243&hl=ko&dm= (45)
5월 08, 2022 23:14:11.527 [14584:3740:0508/231411.526:ERROR:CONSOLE(45)] "Unchecked runtime.lastError: The message port closed before a response was received.", source: https://ogs.google.com/u/0/widget/app?origin=chrome-untrusted%3A%2F%2Fnew-tab-page&origin=chrome%3A%2F%2Fnew-tab-page&cn=app&pid=1&spid=243&hl=ko&dm= (45)
